android/app/build/intermediates/manifest_merge_blame_file/release/manifest-merger-blame-release-report.txt
1<?xml version="1.0" encoding="utf-8"?>
2<manifest xmlns:android="http://schemas.android.com/apk/res/android"
3    package="com.elitebettingtips"
4    android:versionCode="4"
5    android:versionName="4.0" >
6
7    <uses-sdk
8        android:minSdkVersion="16"
8-->src/main/AndroidManifest.xml
9        android:targetSdkVersion="29" />
9-->src/main/AndroidManifest.xml
10
11    <uses-permission android:name="android.permission.INTERNET" />
11-->src/main/AndroidManifest.xml:4:5-67
11-->src/main/AndroidManifest.xml:4:22-64
12    <uses-permission android:name="android.permission.VIBRATE" />
12-->src/main/AndroidManifest.xml:6:5-66
12-->src/main/AndroidManifest.xml:6:22-63
13    <uses-permission android:name="android.permission.RECEIVE_BOOT_COMPLETED" />
13-->src/main/AndroidManifest.xml:7:5-80
13-->src/main/AndroidManifest.xml:7:22-78
14
15    <!-- Required to access Google Play Licensing -->
16    <uses-permission android:name="com.android.vending.CHECK_LICENSE" />
16-->[:rn-fetch-blob] AndroidManifest.xml:12:5-73
16-->[:rn-fetch-blob] AndroidManifest.xml:12:22-70
17    <!--
18         Required to keep CPU alive while downloading files
19        (NOT to keep screen awake)
20    -->
21    <uses-permission android:name="android.permission.WAKE_LOCK" />
21-->[:rn-fetch-blob] AndroidManifest.xml:21:5-68
21-->[:rn-fetch-blob] AndroidManifest.xml:21:22-65
22    <!--
23         Required to poll the state of the network connection
24        and respond to changes
25    -->
26    <uses-permission android:name="android.permission.ACCESS_NETWORK_STATE" /> <!-- Required to check whether Wi-Fi is enabled -->
26-->[:rn-fetch-blob] AndroidManifest.xml:27:5-79
26-->[:rn-fetch-blob] AndroidManifest.xml:27:22-76
27    <uses-permission android:name="android.permission.ACCESS_WIFI_STATE" /> <!-- Required to read and write the expansion files on shared storage -->
27-->[:rn-fetch-blob] AndroidManifest.xml:30:5-76
27-->[:rn-fetch-blob] AndroidManifest.xml:30:22-73
28    <uses-permission android:name="android.permission.WRITE_EXTERNAL_STORAGE" /> <!-- Create a unique permission for your app and use it so only your app can receive your OneSignal messages. -->
28-->[:rn-fetch-blob] AndroidManifest.xml:33:5-81
28-->[:rn-fetch-blob] AndroidManifest.xml:33:22-78
29    <permission
29-->[com.onesignal:OneSignal:3.15.3] AndroidManifest.xml:7:5-9:47
30        android:name="com.elitebettingtips.permission.C2D_MESSAGE"
30-->[com.onesignal:OneSignal:3.15.3] AndroidManifest.xml:8:9-63
31        android:protectionLevel="signature" />
31-->[com.onesignal:OneSignal:3.15.3] AndroidManifest.xml:9:9-44
32
33    <uses-permission android:name="com.elitebettingtips.permission.C2D_MESSAGE" />
33-->[com.onesignal:OneSignal:3.15.3] AndroidManifest.xml:11:5-79
33-->[com.onesignal:OneSignal:3.15.3] AndroidManifest.xml:11:22-76
34    <uses-permission android:name="com.google.android.c2dm.permission.RECEIVE" /> <!-- START: ShortcutBadger -->
34-->[com.onesignal:OneSignal:3.15.3] AndroidManifest.xml:17:5-82
34-->[com.onesignal:OneSignal:3.15.3] AndroidManifest.xml:17:22-79
35    <!-- Samsung -->
36    <uses-permission android:name="com.sec.android.provider.badge.permission.READ" />
36-->[com.onesignal:OneSignal:3.15.3] AndroidManifest.xml:31:5-86
36-->[com.onesignal:OneSignal:3.15.3] AndroidManifest.xml:31:22-83
37    <uses-permission android:name="com.sec.android.provider.badge.permission.WRITE" /> <!-- HTC -->
37-->[com.onesignal:OneSignal:3.15.3] AndroidManifest.xml:32:5-87
37-->[com.onesignal:OneSignal:3.15.3] AndroidManifest.xml:32:22-84
38    <uses-permission android:name="com.htc.launcher.permission.READ_SETTINGS" />
38-->[com.onesignal:OneSignal:3.15.3] AndroidManifest.xml:33:5-81
38-->[com.onesignal:OneSignal:3.15.3] AndroidManifest.xml:33:22-78
39    <uses-permission android:name="com.htc.launcher.permission.UPDATE_SHORTCUT" /> <!-- Sony -->
39-->[com.onesignal:OneSignal:3.15.3] AndroidManifest.xml:34:5-83
39-->[com.onesignal:OneSignal:3.15.3] AndroidManifest.xml:34:22-80
40    <uses-permission android:name="com.sonyericsson.home.permission.BROADCAST_BADGE" />
40-->[com.onesignal:OneSignal:3.15.3] AndroidManifest.xml:35:5-88
40-->[com.onesignal:OneSignal:3.15.3] AndroidManifest.xml:35:22-85
41    <uses-permission android:name="com.sonymobile.home.permission.PROVIDER_INSERT_BADGE" /> <!-- Apex -->
41-->[com.onesignal:OneSignal:3.15.3] AndroidManifest.xml:36:5-92
41-->[com.onesignal:OneSignal:3.15.3] AndroidManifest.xml:36:22-89
42    <uses-permission android:name="com.anddoes.launcher.permission.UPDATE_COUNT" /> <!-- Solid -->
42-->[com.onesignal:OneSignal:3.15.3] AndroidManifest.xml:37:5-84
42-->[com.onesignal:OneSignal:3.15.3] AndroidManifest.xml:37:22-81
43    <uses-permission android:name="com.majeur.launcher.permission.UPDATE_BADGE" /> <!-- Huawei -->
43-->[com.onesignal:OneSignal:3.15.3] AndroidManifest.xml:38:5-83
43-->[com.onesignal:OneSignal:3.15.3] AndroidManifest.xml:38:22-80
44    <uses-permission android:name="com.huawei.android.launcher.permission.CHANGE_BADGE" />
44-->[com.onesignal:OneSignal:3.15.3] AndroidManifest.xml:39:5-91
44-->[com.onesignal:OneSignal:3.15.3] AndroidManifest.xml:39:22-88
45    <uses-permission android:name="com.huawei.android.launcher.permission.READ_SETTINGS" />
45-->[com.onesignal:OneSignal:3.15.3] AndroidManifest.xml:40:5-92
45-->[com.onesignal:OneSignal:3.15.3] AndroidManifest.xml:40:22-89
46    <uses-permission android:name="com.huawei.android.launcher.permission.WRITE_SETTINGS" /> <!-- ZUK -->
46-->[com.onesignal:OneSignal:3.15.3] AndroidManifest.xml:41:5-93
46-->[com.onesignal:OneSignal:3.15.3] AndroidManifest.xml:41:22-90
47    <uses-permission android:name="android.permission.READ_APP_BADGE" /> <!-- OPPO -->
47-->[com.onesignal:OneSignal:3.15.3] AndroidManifest.xml:42:5-73
47-->[com.onesignal:OneSignal:3.15.3] AndroidManifest.xml:42:22-70
48    <uses-permission android:name="com.oppo.launcher.permission.READ_SETTINGS" />
48-->[com.onesignal:OneSignal:3.15.3] AndroidManifest.xml:43:5-82
48-->[com.onesignal:OneSignal:3.15.3] AndroidManifest.xml:43:22-79
49    <uses-permission android:name="com.oppo.launcher.permission.WRITE_SETTINGS" /> <!-- EvMe -->
49-->[com.onesignal:OneSignal:3.15.3] AndroidManifest.xml:44:5-83
49-->[com.onesignal:OneSignal:3.15.3] AndroidManifest.xml:44:22-80
50    <uses-permission android:name="me.everything.badger.permission.BADGE_COUNT_READ" />
50-->[com.onesignal:OneSignal:3.15.3] AndroidManifest.xml:45:5-88
50-->[com.onesignal:OneSignal:3.15.3] AndroidManifest.xml:45:22-85
51    <uses-permission android:name="me.everything.badger.permission.BADGE_COUNT_WRITE" />
51-->[com.onesignal:OneSignal:3.15.3] AndroidManifest.xml:46:5-89
51-->[com.onesignal:OneSignal:3.15.3] AndroidManifest.xml:46:22-86
52    <uses-permission android:name="com.android.vending.BILLING" />
52-->[com.android.billingclient:billing:2.0.3] AndroidManifest.xml:10:5-67
52-->[com.android.billingclient:billing:2.0.3] AndroidManifest.xml:10:22-64
53    <uses-permission android:name="com.google.android.finsky.permission.BIND_GET_INSTALL_REFERRER_SERVICE" />
53-->[com.android.installreferrer:installreferrer:1.1.2] AndroidManifest.xml:9:5-110
53-->[com.android.installreferrer:installreferrer:1.1.2] AndroidManifest.xml:9:22-107
54
55    <application
55-->src/main/AndroidManifest.xml:9:5-30:19
56        android:name="com.elitebettingtips.MainApplication"
56-->src/main/AndroidManifest.xml:10:7-38
57        android:allowBackup="false"
57-->src/main/AndroidManifest.xml:13:7-34
58        android:appComponentFactory="androidx.core.app.CoreComponentFactory"
58-->[androidx.core:core:1.1.0] AndroidManifest.xml:24:18-86
59        android:icon="@mipmap/ic_launcher"
59-->src/main/AndroidManifest.xml:12:7-41
60        android:label="@string/app_name"
60-->src/main/AndroidManifest.xml:11:7-39
61        android:theme="@style/AppTheme" >
61-->src/main/AndroidManifest.xml:14:7-38
62        <activity
62-->src/main/AndroidManifest.xml:16:7-27:18
63            android:name="com.elitebettingtips.MainActivity"
63-->src/main/AndroidManifest.xml:17:9-37
64            android:configChanges="keyboard|keyboardHidden|orientation|screenSize|uiMode"
64-->src/main/AndroidManifest.xml:19:9-86
65            android:label="@string/app_name"
65-->src/main/AndroidManifest.xml:18:9-41
66            android:launchMode="singleTask"
66-->src/main/AndroidManifest.xml:20:9-40
67            android:screenOrientation="portrait"
67-->src/main/AndroidManifest.xml:21:9-45
68            android:windowSoftInputMode="adjustResize" >
68-->src/main/AndroidManifest.xml:22:9-51
69            <intent-filter>
69-->src/main/AndroidManifest.xml:23:9-26:25
70                <action android:name="android.intent.action.MAIN" />
70-->src/main/AndroidManifest.xml:24:13-65
70-->src/main/AndroidManifest.xml:24:21-62
71
72                <category android:name="android.intent.category.LAUNCHER" />
72-->src/main/AndroidManifest.xml:25:13-73
72-->src/main/AndroidManifest.xml:25:23-70
73            </intent-filter>
74        </activity>
75        <activity android:name="com.facebook.react.devsupport.DevSettingsActivity" />
75-->src/main/AndroidManifest.xml:28:7-84
75-->src/main/AndroidManifest.xml:28:17-81
76
77        <receiver
77-->[:react-native-device-info] AndroidManifest.xml:13:9-22:20
78            android:name="com.learnium.RNDeviceInfo.RNDeviceReceiver"
78-->[:react-native-device-info] AndroidManifest.xml:14:13-70
79            android:enabled="true"
79-->[:react-native-device-info] AndroidManifest.xml:15:13-35
80            android:exported="true"
80-->[:react-native-device-info] AndroidManifest.xml:16:13-36
81            android:permission="android.permission.INSTALL_PACKAGES" >
81-->[:react-native-device-info] AndroidManifest.xml:17:13-69
82            <intent-filter>
82-->[:react-native-device-info] AndroidManifest.xml:19:13-21:29
83                <action android:name="com.android.vending.INSTALL_REFERRER" />
83-->[:react-native-device-info] AndroidManifest.xml:20:17-79
83-->[:react-native-device-info] AndroidManifest.xml:20:25-76
84            </intent-filter>
85        </receiver>
86
87        <provider
87-->[:rn-fetch-blob] AndroidManifest.xml:36:9-44:20
88            android:name="com.RNFetchBlob.Utils.FileProvider"
88-->[:rn-fetch-blob] AndroidManifest.xml:37:13-62
89            android:authorities="com.elitebettingtips.provider"
89-->[:rn-fetch-blob] AndroidManifest.xml:38:13-60
90            android:exported="false"
90-->[:rn-fetch-blob] AndroidManifest.xml:39:13-37
91            android:grantUriPermissions="true" >
91-->[:rn-fetch-blob] AndroidManifest.xml:40:13-47
92            <meta-data
92-->[:rn-fetch-blob] AndroidManifest.xml:41:13-43:58
93                android:name="android.support.FILE_PROVIDER_PATHS"
93-->[:rn-fetch-blob] AndroidManifest.xml:42:17-67
94                android:resource="@xml/provider_paths" />
94-->[:rn-fetch-blob] AndroidManifest.xml:43:17-55
95        </provider>
96
97        <meta-data
97-->[com.onesignal:OneSignal:3.15.3] AndroidManifest.xml:49:9-51:51
98            android:name="onesignal_app_id"
98-->[com.onesignal:OneSignal:3.15.3] AndroidManifest.xml:50:13-44
99            android:value="" /> <!-- Deprecated - Pulled from OneSignal dashboard. -->
99-->[com.onesignal:OneSignal:3.15.3] AndroidManifest.xml:51:13-48
100        <meta-data
100-->[com.onesignal:OneSignal:3.15.3] AndroidManifest.xml:53:9-55:70
101            android:name="onesignal_google_project_number"
101-->[com.onesignal:OneSignal:3.15.3] AndroidManifest.xml:54:13-59
102            android:value="str:REMOTE" />
102-->[com.onesignal:OneSignal:3.15.3] AndroidManifest.xml:55:13-67
103
104        <receiver
104-->[com.onesignal:OneSignal:3.15.3] AndroidManifest.xml:57:9-67:20
105            android:name="com.onesignal.GcmBroadcastReceiver"
105-->[com.onesignal:OneSignal:3.15.3] AndroidManifest.xml:58:13-62
106            android:permission="com.google.android.c2dm.permission.SEND" >
106-->[com.onesignal:OneSignal:3.15.3] AndroidManifest.xml:59:13-73
107
108            <!-- High priority so OneSignal payloads can be filtered from other GCM receivers if filterOtherGCMReceivers is enabled. -->
109            <intent-filter android:priority="999" >
109-->[com.onesignal:OneSignal:3.15.3] AndroidManifest.xml:62:13-66:29
109-->[com.onesignal:OneSignal:3.15.3] AndroidManifest.xml:62:28-50
110                <action android:name="com.google.android.c2dm.intent.RECEIVE" />
110-->[com.onesignal:OneSignal:3.15.3] AndroidManifest.xml:63:17-81
110-->[com.onesignal:OneSignal:3.15.3] AndroidManifest.xml:63:25-78
111
112                <category android:name="com.elitebettingtips" />
112-->[com.onesignal:OneSignal:3.15.3] AndroidManifest.xml:65:17-61
112-->[com.onesignal:OneSignal:3.15.3] AndroidManifest.xml:65:27-58
113            </intent-filter>
114        </receiver>
115        <receiver android:name="com.onesignal.NotificationOpenedReceiver" />
115-->[com.onesignal:OneSignal:3.15.3] AndroidManifest.xml:68:9-77
115-->[com.onesignal:OneSignal:3.15.3] AndroidManifest.xml:68:19-74
116
117        <service
117-->[com.onesignal:OneSignal:3.15.3] AndroidManifest.xml:70:9-76:19
118            android:name="com.onesignal.HmsMessageServiceOneSignal"
118-->[com.onesignal:OneSignal:3.15.3] AndroidManifest.xml:71:13-68
119            android:exported="false" >
119-->[com.onesignal:OneSignal:3.15.3] AndroidManifest.xml:72:13-37
120            <intent-filter>
120-->[com.onesignal:OneSignal:3.15.3] AndroidManifest.xml:73:13-75:29
121                <action android:name="com.huawei.push.action.MESSAGING_EVENT" />
121-->[com.onesignal:OneSignal:3.15.3] AndroidManifest.xml:74:17-81
121-->[com.onesignal:OneSignal:3.15.3] AndroidManifest.xml:74:25-78
122            </intent-filter>
123        </service>
124
125        <activity
125-->[com.onesignal:OneSignal:3.15.3] AndroidManifest.xml:78:9-84:20
126            android:name="com.onesignal.NotificationOpenedActivityHMS"
126-->[com.onesignal:OneSignal:3.15.3] AndroidManifest.xml:79:13-71
127            android:theme="@android:style/Theme.Translucent.NoTitleBar" >
127-->[com.onesignal:OneSignal:3.15.3] AndroidManifest.xml:80:13-72
128            <intent-filter>
128-->[com.onesignal:OneSignal:3.15.3] AndroidManifest.xml:81:13-83:29
129                <action android:name="android.intent.action.VIEW" />
129-->[com.onesignal:OneSignal:3.15.3] AndroidManifest.xml:82:17-69
129-->[com.onesignal:OneSignal:3.15.3] AndroidManifest.xml:82:25-66
130            </intent-filter>
131        </activity>
132
133        <service android:name="com.onesignal.GcmIntentService" />
133-->[com.onesignal:OneSignal:3.15.3] AndroidManifest.xml:86:9-66
133-->[com.onesignal:OneSignal:3.15.3] AndroidManifest.xml:86:18-63
134        <service
134-->[com.onesignal:OneSignal:3.15.3] AndroidManifest.xml:87:9-89:72
135            android:name="com.onesignal.GcmIntentJobService"
135-->[com.onesignal:OneSignal:3.15.3] AndroidManifest.xml:88:13-61
136            android:permission="android.permission.BIND_JOB_SERVICE" />
136-->[com.onesignal:OneSignal:3.15.3] AndroidManifest.xml:89:13-69
137        <service
137-->[com.onesignal:OneSignal:3.15.3] AndroidManifest.xml:90:9-92:72
138            android:name="com.onesignal.RestoreJobService"
138-->[com.onesignal:OneSignal:3.15.3] AndroidManifest.xml:91:13-59
139            android:permission="android.permission.BIND_JOB_SERVICE" />
139-->[com.onesignal:OneSignal:3.15.3] AndroidManifest.xml:92:13-69
140        <service
140-->[com.onesignal:OneSignal:3.15.3] AndroidManifest.xml:93:9-95:72
141            android:name="com.onesignal.RestoreKickoffJobService"
141-->[com.onesignal:OneSignal:3.15.3] AndroidManifest.xml:94:13-66
142            android:permission="android.permission.BIND_JOB_SERVICE" />
142-->[com.onesignal:OneSignal:3.15.3] AndroidManifest.xml:95:13-69
143        <service
143-->[com.onesignal:OneSignal:3.15.3] AndroidManifest.xml:96:9-98:43
144            android:name="com.onesignal.SyncService"
144-->[com.onesignal:OneSignal:3.15.3] AndroidManifest.xml:97:13-53
145            android:stopWithTask="true" />
145-->[com.onesignal:OneSignal:3.15.3] AndroidManifest.xml:98:13-40
146        <service
146-->[com.onesignal:OneSignal:3.15.3] AndroidManifest.xml:99:9-101:72
147            android:name="com.onesignal.SyncJobService"
147-->[com.onesignal:OneSignal:3.15.3] AndroidManifest.xml:100:13-56
148            android:permission="android.permission.BIND_JOB_SERVICE" />
148-->[com.onesignal:OneSignal:3.15.3] AndroidManifest.xml:101:13-69
149
150        <activity
150-->[com.onesignal:OneSignal:3.15.3] AndroidManifest.xml:103:9-105:75
151            android:name="com.onesignal.PermissionsActivity"
151-->[com.onesignal:OneSignal:3.15.3] AndroidManifest.xml:104:13-61
152            android:theme="@android:style/Theme.Translucent.NoTitleBar" />
152-->[com.onesignal:OneSignal:3.15.3] AndroidManifest.xml:105:13-72
153
154        <service android:name="com.onesignal.NotificationRestoreService" />
154-->[com.onesignal:OneSignal:3.15.3] AndroidManifest.xml:107:9-76
154-->[com.onesignal:OneSignal:3.15.3] AndroidManifest.xml:107:18-73
155
156        <receiver android:name="com.onesignal.BootUpReceiver" >
156-->[com.onesignal:OneSignal:3.15.3] AndroidManifest.xml:109:9-114:20
156-->[com.onesignal:OneSignal:3.15.3] AndroidManifest.xml:109:19-62
157            <intent-filter>
157-->[com.onesignal:OneSignal:3.15.3] AndroidManifest.xml:110:13-113:29
158                <action android:name="android.intent.action.BOOT_COMPLETED" />
158-->[com.onesignal:OneSignal:3.15.3] AndroidManifest.xml:111:17-79
158-->[com.onesignal:OneSignal:3.15.3] AndroidManifest.xml:111:25-76
159                <action android:name="android.intent.action.QUICKBOOT_POWERON" />
159-->[com.onesignal:OneSignal:3.15.3] AndroidManifest.xml:112:17-82
159-->[com.onesignal:OneSignal:3.15.3] AndroidManifest.xml:112:25-79
160            </intent-filter>
161        </receiver>
162        <receiver android:name="com.onesignal.UpgradeReceiver" >
162-->[com.onesignal:OneSignal:3.15.3] AndroidManifest.xml:115:9-119:20
162-->[com.onesignal:OneSignal:3.15.3] AndroidManifest.xml:115:19-63
163            <intent-filter>
163-->[com.onesignal:OneSignal:3.15.3] AndroidManifest.xml:116:13-118:29
164                <action android:name="android.intent.action.MY_PACKAGE_REPLACED" />
164-->[com.onesignal:OneSignal:3.15.3] AndroidManifest.xml:117:17-84
164-->[com.onesignal:OneSignal:3.15.3] AndroidManifest.xml:117:25-81
165            </intent-filter>
166        </receiver>
167
168        <meta-data
168-->[com.github.bumptech.glide:okhttp3-integration:4.9.0] AndroidManifest.xml:11:9-13:43
169            android:name="com.bumptech.glide.integration.okhttp3.OkHttpGlideModule"
169-->[com.github.bumptech.glide:okhttp3-integration:4.9.0] AndroidManifest.xml:12:13-84
170            android:value="GlideModule" />
170-->[com.github.bumptech.glide:okhttp3-integration:4.9.0] AndroidManifest.xml:13:13-40
171        <meta-data
171-->[com.android.billingclient:billing:2.0.3] AndroidManifest.xml:13:9-15:37
172            android:name="com.google.android.play.billingclient.version"
172-->[com.android.billingclient:billing:2.0.3] AndroidManifest.xml:14:13-73
173            android:value="2.0.3" />
173-->[com.android.billingclient:billing:2.0.3] AndroidManifest.xml:15:13-34
174
175        <activity
175-->[com.android.billingclient:billing:2.0.3] AndroidManifest.xml:17:9-20:75
176            android:name="com.android.billingclient.api.ProxyBillingActivity"
176-->[com.android.billingclient:billing:2.0.3] AndroidManifest.xml:18:13-78
177            android:configChanges="keyboard|keyboardHidden|screenLayout|screenSize|orientation"
177-->[com.android.billingclient:billing:2.0.3] AndroidManifest.xml:19:13-96
178            android:theme="@android:style/Theme.Translucent.NoTitleBar" />
178-->[com.android.billingclient:billing:2.0.3] AndroidManifest.xml:20:13-72
179        <!--
180             FirebaseMessagingService performs security checks at runtime,
181             no need for explicit permissions despite exported="true"
182        -->
183        <service
183-->[com.google.firebase:firebase-messaging:17.3.4] AndroidManifest.xml:28:9-34:19
184            android:name="com.google.firebase.messaging.FirebaseMessagingService"
184-->[com.google.firebase:firebase-messaging:17.3.4] AndroidManifest.xml:29:13-82
185            android:exported="true" >
185-->[com.google.firebase:firebase-messaging:17.3.4] AndroidManifest.xml:30:13-36
186            <intent-filter android:priority="-500" >
186-->[com.google.firebase:firebase-messaging:17.3.4] AndroidManifest.xml:31:13-33:29
186-->[com.google.firebase:firebase-messaging:17.3.4] AndroidManifest.xml:31:28-51
187                <action android:name="com.google.firebase.MESSAGING_EVENT" />
187-->[com.google.firebase:firebase-messaging:17.3.4] AndroidManifest.xml:32:17-78
187-->[com.google.firebase:firebase-messaging:17.3.4] AndroidManifest.xml:32:25-75
188            </intent-filter>
189        </service>
190        <service
190-->[com.google.firebase:firebase-iid:17.0.4] AndroidManifest.xml:29:9-35:19
191            android:name="com.google.firebase.components.ComponentDiscoveryService"
191-->[com.google.firebase:firebase-iid:17.0.4] AndroidManifest.xml:30:13-84
192            android:exported="false" >
192-->[com.google.firebase:firebase-iid:17.0.4] AndroidManifest.xml:31:13-37
193            <meta-data
193-->[com.google.firebase:firebase-iid:17.0.4] AndroidManifest.xml:32:13-34:85
194                android:name="com.google.firebase.components:com.google.firebase.iid.Registrar"
194-->[com.google.firebase:firebase-iid:17.0.4] AndroidManifest.xml:33:17-96
195                android:value="com.google.firebase.components.ComponentRegistrar" />
195-->[com.google.firebase:firebase-iid:17.0.4] AndroidManifest.xml:34:17-82
196        </service>
197
198        <receiver
198-->[com.google.firebase:firebase-iid:17.0.4] AndroidManifest.xml:37:9-44:20
199            android:name="com.google.firebase.iid.FirebaseInstanceIdReceiver"
199-->[com.google.firebase:firebase-iid:17.0.4] AndroidManifest.xml:38:13-78
200            android:exported="true"
200-->[com.google.firebase:firebase-iid:17.0.4] AndroidManifest.xml:39:13-36
201            android:permission="com.google.android.c2dm.permission.SEND" >
201-->[com.google.firebase:firebase-iid:17.0.4] AndroidManifest.xml:40:13-73
202            <intent-filter>
202-->[com.google.firebase:firebase-iid:17.0.4] AndroidManifest.xml:41:13-43:29
203                <action android:name="com.google.android.c2dm.intent.RECEIVE" />
203-->[com.onesignal:OneSignal:3.15.3] AndroidManifest.xml:63:17-81
203-->[com.onesignal:OneSignal:3.15.3] AndroidManifest.xml:63:25-78
204            </intent-filter>
205        </receiver>
206        <!--
207             FirebaseInstanceIdService performs security checks at runtime,
208             no need for explicit permissions despite exported="true"
209        -->
210        <service
210-->[com.google.firebase:firebase-iid:17.0.4] AndroidManifest.xml:50:9-56:19
211            android:name="com.google.firebase.iid.FirebaseInstanceIdService"
211-->[com.google.firebase:firebase-iid:17.0.4] AndroidManifest.xml:51:13-77
212            android:exported="true" >
212-->[com.google.firebase:firebase-iid:17.0.4] AndroidManifest.xml:52:13-36
213            <intent-filter android:priority="-500" >
213-->[com.google.firebase:firebase-iid:17.0.4] AndroidManifest.xml:53:13-55:29
213-->[com.google.firebase:firebase-iid:17.0.4] AndroidManifest.xml:53:28-51
214                <action android:name="com.google.firebase.INSTANCE_ID_EVENT" />
214-->[com.google.firebase:firebase-iid:17.0.4] AndroidManifest.xml:54:17-80
214-->[com.google.firebase:firebase-iid:17.0.4] AndroidManifest.xml:54:25-77
215            </intent-filter>
216        </service>
217
218        <activity
218-->[com.google.android.gms:play-services-base:17.0.0] AndroidManifest.xml:23:9-26:75
219            android:name="com.google.android.gms.common.api.GoogleApiActivity"
219-->[com.google.android.gms:play-services-base:17.0.0] AndroidManifest.xml:24:13-79
220            android:exported="false"
220-->[com.google.android.gms:play-services-base:17.0.0] AndroidManifest.xml:25:13-37
221            android:theme="@android:style/Theme.Translucent.NoTitleBar" />
221-->[com.google.android.gms:play-services-base:17.0.0] AndroidManifest.xml:26:13-72
222
223        <provider
223-->[com.google.firebase:firebase-common:16.0.3] AndroidManifest.xml:10:9-14:39
224            android:name="com.google.firebase.provider.FirebaseInitProvider"
224-->[com.google.firebase:firebase-common:16.0.3] AndroidManifest.xml:11:13-77
225            android:authorities="com.elitebettingtips.firebaseinitprovider"
225-->[com.google.firebase:firebase-common:16.0.3] AndroidManifest.xml:12:13-72
226            android:exported="false"
226-->[com.google.firebase:firebase-common:16.0.3] AndroidManifest.xml:13:13-37
227            android:initOrder="100" />
227-->[com.google.firebase:firebase-common:16.0.3] AndroidManifest.xml:14:13-36
228
229        <meta-data
229-->[com.google.android.gms:play-services-basement:17.0.0] AndroidManifest.xml:23:9-25:69
230            android:name="com.google.android.gms.version"
230-->[com.google.android.gms:play-services-basement:17.0.0] AndroidManifest.xml:24:13-58
231            android:value="@integer/google_play_services_version" />
231-->[com.google.android.gms:play-services-basement:17.0.0] AndroidManifest.xml:25:13-66
232    </application>
233
234</manifest>